
*** Running vivado
    with args -log top.vds -m64 -product Vivado -mode batch -messageDb vivado.pb -notrace -source top.tcl



****** Vivado v2020.1 (64-bit)
  **** SW Build 2902540 on Wed May 27 19:54:49 MDT 2020
  **** IP Build 2902112 on Wed May 27 22:43:36 MDT 2020
    ** Copyright 1986-2020 Xilinx, Inc. All Rights Reserved.

source top.tcl -notrace
Command: synth_design -top top -part xc7a50ticsg324-1L
Starting synth_design
Attempting to get a license for feature 'Synthesis' and/or device 'xc7a50ti'
INFO: [Common 17-349] Got license for feature 'Synthesis' and/or device 'xc7a50ti'
INFO: [Synth 8-7079] Multithreading enabled for synth_design using a maximum of 2 processes.
INFO: [Synth 8-7078] Launching helper process for spawning children vivado processes
INFO: [Synth 8-7075] Helper process launched with PID 8396
---------------------------------------------------------------------------------
Starting Synthesize : Time (s): cpu = 00:00:04 ; elapsed = 00:00:04 . Memory (MB): peak = 1022.125 ; gain = 0.000
---------------------------------------------------------------------------------
ERROR: [Synth 8-2236] indexed name prefix type std_logic is not an array type [D:/Documents/xspani02/digital-electronics-1/labs/06-counter/counter/counter.srcs/sources_1/new/top.vhd:85]
INFO: [Synth 8-2810] unit behavioral ignored due to previous errors [D:/Documents/xspani02/digital-electronics-1/labs/06-counter/counter/counter.srcs/sources_1/new/top.vhd:52]
---------------------------------------------------------------------------------
Finished Synthesize : Time (s): cpu = 00:00:05 ; elapsed = 00:00:05 . Memory (MB): peak = 1022.125 ; gain = 0.000
---------------------------------------------------------------------------------
synthesize failed
INFO: [Common 17-83] Releasing license: Synthesis
6 Infos, 0 Warnings, 0 Critical Warnings and 2 Errors encountered.
synth_design failed
ERROR: [Common 17-69] Command failed: Vivado Synthesis failed
INFO: [Common 17-206] Exiting Vivado at Wed Apr 13 13:31:30 2022...
