#-----------------------------------------------------------
# Vivado v2020.1 (64-bit)
# SW Build 2902540 on Wed May 27 19:54:49 MDT 2020
# IP Build 2902112 on Wed May 27 22:43:36 MDT 2020
# Start of session at: Wed Mar 30 13:36:22 2022
# Process ID: 9340
# Current directory: D:/Documents/xvanek41/de1/labs/07-display-driver/display_driver
# Command line: vivado.exe -gui_launcher_event rodinguilauncherevent7452 D:\Documents\xvanek41\de1\labs\07-display-driver\display_driver\display_driver.xpr
# Log file: D:/Documents/xvanek41/de1/labs/07-display-driver/display_driver/vivado.log
# Journal file: D:/Documents/xvanek41/de1/labs/07-display-driver/display_driver\vivado.jou
#-----------------------------------------------------------
start_gui
open_project D:/Documents/xvanek41/de1/labs/07-display-driver/display_driver/display_driver.xpr
Scanning sources...
Finished scanning sources
INFO: [IP_Flow 19-234] Refreshing IP repositories
INFO: [IP_Flow 19-1704] No user IP repositories specified
INFO: [IP_Flow 19-2313] Loaded Vivado IP repository 'C:/APPZ/Xilinx/Vivado/2020.1/data/ip'.
open_project: Time (s): cpu = 00:00:09 ; elapsed = 00:00:05 . Memory (MB): peak = 1023.930 ; gain = 0.000
update_compile_order -fileset sources_1
launch_simulation
Command: launch_simulation 
INFO: [Vivado 12-5682] Launching behavioral simulation in 'D:/Documents/xvanek41/de1/labs/07-display-driver/display_driver/display_driver.sim/sim_1/behav/xsim'
INFO: [SIM-utils-51] Simulation object is 'sim_1'
INFO: [SIM-utils-54] Inspecting design source files for 'tb_driver_7seg_4digits' in fileset 'sim_1'...
INFO: [USF-XSim-97] Finding global include files...
INFO: [USF-XSim-98] Fetching design files from 'sim_1'...
INFO: [USF-XSim-2] XSim::Compile design
INFO: [USF-XSim-61] Executing 'COMPILE and ANALYZE' step in 'D:/Documents/xvanek41/de1/labs/07-display-driver/display_driver/display_driver.sim/sim_1/behav/xsim'
"xvhdl --incr --relax -prj tb_driver_7seg_4digits_vhdl.prj"
INFO: [VRFC 10-163] Analyzing VHDL file "D:/Documents/xvanek41/de1/labs/07-display-driver/display_driver/display_driver.srcs/sources_1/new/driver_7seg_4digits.vhd" into library xil_defaultlib
INFO: [VRFC 10-3107] analyzing entity 'driver_7seg_4digits'
ERROR: [VRFC 10-2987] 'clock_enable' is not compiled in library 'xil_defaultlib' [D:/Documents/xvanek41/de1/labs/07-display-driver/display_driver/display_driver.srcs/sources_1/new/driver_7seg_4digits.vhd:72]
ERROR: [VRFC 10-2987] 'cnt_up_down' is not compiled in library 'xil_defaultlib' [D:/Documents/xvanek41/de1/labs/07-display-driver/display_driver/display_driver.srcs/sources_1/new/driver_7seg_4digits.vhd:87]
ERROR: [VRFC 10-2987] 'hex_7seg' is not compiled in library 'xil_defaultlib' [D:/Documents/xvanek41/de1/labs/07-display-driver/display_driver/display_driver.srcs/sources_1/new/driver_7seg_4digits.vhd:102]
ERROR: [VRFC 10-3782] unit 'behavioral' ignored due to previous errors [D:/Documents/xvanek41/de1/labs/07-display-driver/display_driver/display_driver.srcs/sources_1/new/driver_7seg_4digits.vhd:59]
INFO: [VRFC 10-3070] VHDL file 'D:/Documents/xvanek41/de1/labs/07-display-driver/display_driver/display_driver.srcs/sources_1/new/driver_7seg_4digits.vhd' ignored due to errors
INFO: [USF-XSim-69] 'compile' step finished in '2' seconds
INFO: [USF-XSim-99] Step results log file:'D:/Documents/xvanek41/de1/labs/07-display-driver/display_driver/display_driver.sim/sim_1/behav/xsim/xvhdl.log'
ERROR: [USF-XSim-62] 'compile' step failed with error(s). Please check the Tcl console output or 'D:/Documents/xvanek41/de1/labs/07-display-driver/display_driver/display_driver.sim/sim_1/behav/xsim/xvhdl.log' file for more information.
ERROR: [Vivado 12-4473] Detected error while running simulation. Please correct the issue and retry this operation.
ERROR: [Common 17-39] 'launch_simulation' failed due to earlier errors.
launch_simulation
Command: launch_simulation 
INFO: [Vivado 12-5682] Launching behavioral simulation in 'D:/Documents/xvanek41/de1/labs/07-display-driver/display_driver/display_driver.sim/sim_1/behav/xsim'
INFO: [SIM-utils-51] Simulation object is 'sim_1'
INFO: [SIM-utils-54] Inspecting design source files for 'tb_driver_7seg_4digits' in fileset 'sim_1'...
INFO: [USF-XSim-97] Finding global include files...
INFO: [USF-XSim-98] Fetching design files from 'sim_1'...
INFO: [USF-XSim-2] XSim::Compile design
INFO: [USF-XSim-61] Executing 'COMPILE and ANALYZE' step in 'D:/Documents/xvanek41/de1/labs/07-display-driver/display_driver/display_driver.sim/sim_1/behav/xsim'
"xvhdl --incr --relax -prj tb_driver_7seg_4digits_vhdl.prj"
INFO: [VRFC 10-163] Analyzing VHDL file "D:/Documents/xvanek41/de1/labs/07-display-driver/display_driver/display_driver.srcs/sources_1/new/driver_7seg_4digits.vhd" into library xil_defaultlib
INFO: [VRFC 10-3107] analyzing entity 'driver_7seg_4digits'
ERROR: [VRFC 10-2987] 'clock_enable' is not compiled in library 'xil_defaultlib' [D:/Documents/xvanek41/de1/labs/07-display-driver/display_driver/display_driver.srcs/sources_1/new/driver_7seg_4digits.vhd:72]
ERROR: [VRFC 10-2987] 'cnt_up_down' is not compiled in library 'xil_defaultlib' [D:/Documents/xvanek41/de1/labs/07-display-driver/display_driver/display_driver.srcs/sources_1/new/driver_7seg_4digits.vhd:87]
ERROR: [VRFC 10-2987] 'hex_7seg' is not compiled in library 'xil_defaultlib' [D:/Documents/xvanek41/de1/labs/07-display-driver/display_driver/display_driver.srcs/sources_1/new/driver_7seg_4digits.vhd:102]
ERROR: [VRFC 10-3782] unit 'behavioral' ignored due to previous errors [D:/Documents/xvanek41/de1/labs/07-display-driver/display_driver/display_driver.srcs/sources_1/new/driver_7seg_4digits.vhd:59]
INFO: [VRFC 10-3070] VHDL file 'D:/Documents/xvanek41/de1/labs/07-display-driver/display_driver/display_driver.srcs/sources_1/new/driver_7seg_4digits.vhd' ignored due to errors
INFO: [USF-XSim-69] 'compile' step finished in '1' seconds
INFO: [USF-XSim-99] Step results log file:'D:/Documents/xvanek41/de1/labs/07-display-driver/display_driver/display_driver.sim/sim_1/behav/xsim/xvhdl.log'
ERROR: [USF-XSim-62] 'compile' step failed with error(s). Please check the Tcl console output or 'D:/Documents/xvanek41/de1/labs/07-display-driver/display_driver/display_driver.sim/sim_1/behav/xsim/xvhdl.log' file for more information.
ERROR: [Vivado 12-4473] Detected error while running simulation. Please correct the issue and retry this operation.
ERROR: [Common 17-39] 'launch_simulation' failed due to earlier errors.
launch_simulation
Command: launch_simulation 
INFO: [Vivado 12-5682] Launching behavioral simulation in 'D:/Documents/xvanek41/de1/labs/07-display-driver/display_driver/display_driver.sim/sim_1/behav/xsim'
INFO: [SIM-utils-51] Simulation object is 'sim_1'
INFO: [SIM-utils-54] Inspecting design source files for 'tb_driver_7seg_4digits' in fileset 'sim_1'...
INFO: [USF-XSim-97] Finding global include files...
INFO: [USF-XSim-98] Fetching design files from 'sim_1'...
INFO: [USF-XSim-2] XSim::Compile design
INFO: [USF-XSim-61] Executing 'COMPILE and ANALYZE' step in 'D:/Documents/xvanek41/de1/labs/07-display-driver/display_driver/display_driver.sim/sim_1/behav/xsim'
"xvhdl --incr --relax -prj tb_driver_7seg_4digits_vhdl.prj"
INFO: [VRFC 10-163] Analyzing VHDL file "D:/Documents/xvanek41/de1/labs/07-display-driver/display_driver/display_driver.srcs/sources_1/new/driver_7seg_4digits.vhd" into library xil_defaultlib
INFO: [VRFC 10-3107] analyzing entity 'driver_7seg_4digits'
ERROR: [VRFC 10-2987] 'clock_enable' is not compiled in library 'xil_defaultlib' [D:/Documents/xvanek41/de1/labs/07-display-driver/display_driver/display_driver.srcs/sources_1/new/driver_7seg_4digits.vhd:72]
ERROR: [VRFC 10-2987] 'cnt_up_down' is not compiled in library 'xil_defaultlib' [D:/Documents/xvanek41/de1/labs/07-display-driver/display_driver/display_driver.srcs/sources_1/new/driver_7seg_4digits.vhd:87]
ERROR: [VRFC 10-2987] 'hex_7seg' is not compiled in library 'xil_defaultlib' [D:/Documents/xvanek41/de1/labs/07-display-driver/display_driver/display_driver.srcs/sources_1/new/driver_7seg_4digits.vhd:102]
ERROR: [VRFC 10-3782] unit 'behavioral' ignored due to previous errors [D:/Documents/xvanek41/de1/labs/07-display-driver/display_driver/display_driver.srcs/sources_1/new/driver_7seg_4digits.vhd:59]
INFO: [VRFC 10-3070] VHDL file 'D:/Documents/xvanek41/de1/labs/07-display-driver/display_driver/display_driver.srcs/sources_1/new/driver_7seg_4digits.vhd' ignored due to errors
INFO: [USF-XSim-69] 'compile' step finished in '2' seconds
INFO: [USF-XSim-99] Step results log file:'D:/Documents/xvanek41/de1/labs/07-display-driver/display_driver/display_driver.sim/sim_1/behav/xsim/xvhdl.log'
ERROR: [USF-XSim-62] 'compile' step failed with error(s). Please check the Tcl console output or 'D:/Documents/xvanek41/de1/labs/07-display-driver/display_driver/display_driver.sim/sim_1/behav/xsim/xvhdl.log' file for more information.
ERROR: [Vivado 12-4473] Detected error while running simulation. Please correct the issue and retry this operation.
ERROR: [Common 17-39] 'launch_simulation' failed due to earlier errors.
launch_simulation
Command: launch_simulation 
INFO: [Vivado 12-5682] Launching behavioral simulation in 'D:/Documents/xvanek41/de1/labs/07-display-driver/display_driver/display_driver.sim/sim_1/behav/xsim'
INFO: [SIM-utils-51] Simulation object is 'sim_1'
INFO: [SIM-utils-54] Inspecting design source files for 'tb_driver_7seg_4digits' in fileset 'sim_1'...
INFO: [USF-XSim-97] Finding global include files...
INFO: [USF-XSim-98] Fetching design files from 'sim_1'...
INFO: [USF-XSim-2] XSim::Compile design
INFO: [USF-XSim-61] Executing 'COMPILE and ANALYZE' step in 'D:/Documents/xvanek41/de1/labs/07-display-driver/display_driver/display_driver.sim/sim_1/behav/xsim'
"xvhdl --incr --relax -prj tb_driver_7seg_4digits_vhdl.prj"
INFO: [VRFC 10-163] Analyzing VHDL file "D:/Documents/xvanek41/de1/labs/07-display-driver/display_driver/display_driver.srcs/sources_1/new/driver_7seg_4digits.vhd" into library xil_defaultlib
INFO: [VRFC 10-3107] analyzing entity 'driver_7seg_4digits'
ERROR: [VRFC 10-2987] 'clock_enable' is not compiled in library 'xil_defaultlib' [D:/Documents/xvanek41/de1/labs/07-display-driver/display_driver/display_driver.srcs/sources_1/new/driver_7seg_4digits.vhd:72]
ERROR: [VRFC 10-2987] 'cnt_up_down' is not compiled in library 'xil_defaultlib' [D:/Documents/xvanek41/de1/labs/07-display-driver/display_driver/display_driver.srcs/sources_1/new/driver_7seg_4digits.vhd:87]
ERROR: [VRFC 10-2987] 'hex_7seg' is not compiled in library 'xil_defaultlib' [D:/Documents/xvanek41/de1/labs/07-display-driver/display_driver/display_driver.srcs/sources_1/new/driver_7seg_4digits.vhd:102]
ERROR: [VRFC 10-3782] unit 'behavioral' ignored due to previous errors [D:/Documents/xvanek41/de1/labs/07-display-driver/display_driver/display_driver.srcs/sources_1/new/driver_7seg_4digits.vhd:59]
INFO: [VRFC 10-3070] VHDL file 'D:/Documents/xvanek41/de1/labs/07-display-driver/display_driver/display_driver.srcs/sources_1/new/driver_7seg_4digits.vhd' ignored due to errors
INFO: [USF-XSim-69] 'compile' step finished in '1' seconds
INFO: [USF-XSim-99] Step results log file:'D:/Documents/xvanek41/de1/labs/07-display-driver/display_driver/display_driver.sim/sim_1/behav/xsim/xvhdl.log'
ERROR: [USF-XSim-62] 'compile' step failed with error(s). Please check the Tcl console output or 'D:/Documents/xvanek41/de1/labs/07-display-driver/display_driver/display_driver.sim/sim_1/behav/xsim/xvhdl.log' file for more information.
ERROR: [Vivado 12-4473] Detected error while running simulation. Please correct the issue and retry this operation.
ERROR: [Common 17-39] 'launch_simulation' failed due to earlier errors.
add_files -norecurse D:/Documents/xvanek41/de1/labs/07-display-driver/display_driver/display_driver.srcs/sources_1/new/hex_7seg.vhd
update_compile_order -fileset sources_1
add_files -norecurse {D:/Documents/xvanek41/de1/labs/07-display-driver/display_driver/display_driver.srcs/sources_1/new/clock_enable.vhd D:/Documents/xvanek41/de1/labs/07-display-driver/display_driver/display_driver.srcs/sources_1/new/cnt_up_down.vhd}
update_compile_order -fileset sources_1
launch_simulation
Command: launch_simulation 
INFO: [Vivado 12-5682] Launching behavioral simulation in 'D:/Documents/xvanek41/de1/labs/07-display-driver/display_driver/display_driver.sim/sim_1/behav/xsim'
INFO: [SIM-utils-51] Simulation object is 'sim_1'
INFO: [SIM-utils-54] Inspecting design source files for 'tb_driver_7seg_4digits' in fileset 'sim_1'...
INFO: [USF-XSim-97] Finding global include files...
INFO: [USF-XSim-98] Fetching design files from 'sim_1'...
INFO: [USF-XSim-2] XSim::Compile design
INFO: [USF-XSim-61] Executing 'COMPILE and ANALYZE' step in 'D:/Documents/xvanek41/de1/labs/07-display-driver/display_driver/display_driver.sim/sim_1/behav/xsim'
"xvhdl --incr --relax -prj tb_driver_7seg_4digits_vhdl.prj"
INFO: [VRFC 10-163] Analyzing VHDL file "D:/Documents/xvanek41/de1/labs/07-display-driver/display_driver/display_driver.srcs/sources_1/new/clock_enable.vhd" into library xil_defaultlib
INFO: [VRFC 10-3107] analyzing entity 'clock_enable'
INFO: [VRFC 10-163] Analyzing VHDL file "D:/Documents/xvanek41/de1/labs/07-display-driver/display_driver/display_driver.srcs/sources_1/new/cnt_up_down.vhd" into library xil_defaultlib
INFO: [VRFC 10-3107] analyzing entity 'cnt_up_down'
INFO: [VRFC 10-163] Analyzing VHDL file "D:/Documents/xvanek41/de1/labs/07-display-driver/display_driver/display_driver.srcs/sources_1/new/hex_7seg.vhd" into library xil_defaultlib
INFO: [VRFC 10-3107] analyzing entity 'hex_7seg'
INFO: [VRFC 10-163] Analyzing VHDL file "D:/Documents/xvanek41/de1/labs/07-display-driver/display_driver/display_driver.srcs/sources_1/new/driver_7seg_4digits.vhd" into library xil_defaultlib
INFO: [VRFC 10-3107] analyzing entity 'driver_7seg_4digits'
INFO: [VRFC 10-163] Analyzing VHDL file "D:/Documents/xvanek41/de1/labs/07-display-driver/display_driver/display_driver.srcs/sim_1/new/tb_driver_7seg_4digits.vhd" into library xil_defaultlib
INFO: [VRFC 10-3107] analyzing entity 'tb_driver_7seg_4digits'
INFO: [USF-XSim-69] 'compile' step finished in '1' seconds
INFO: [USF-XSim-3] XSim::Elaborate design
INFO: [USF-XSim-61] Executing 'ELABORATE' step in 'D:/Documents/xvanek41/de1/labs/07-display-driver/display_driver/display_driver.sim/sim_1/behav/xsim'
"xelab -wto 0ce296b80fed45918a48f73599d90bd6 --incr --debug typical --relax --mt 2 -L xil_defaultlib -L secureip --snapshot tb_driver_7seg_4digits_behav xil_defaultlib.tb_driver_7seg_4digits -log elaborate.log"
Vivado Simulator 2020.1
Copyright 1986-1999, 2001-2020 Xilinx, Inc. All Rights Reserved.
Running: C:/APPZ/Xilinx/Vivado/2020.1/bin/unwrapped/win64.o/xelab.exe -wto 0ce296b80fed45918a48f73599d90bd6 --incr --debug typical --relax --mt 2 -L xil_defaultlib -L secureip --snapshot tb_driver_7seg_4digits_behav xil_defaultlib.tb_driver_7seg_4digits -log elaborate.log 
Using 2 slave threads.
Starting static elaboration
Completed static elaboration
Starting simulation data flow analysis
Completed simulation data flow analysis
Time Resolution for simulation is 1ps
Compiling package std.standard
Compiling package std.textio
Compiling package ieee.std_logic_1164
Compiling package ieee.numeric_std
Compiling architecture behavioral of entity xil_defaultlib.clock_enable [\clock_enable(g_max=400000)\]
Compiling architecture behavioral of entity xil_defaultlib.cnt_up_down [\cnt_up_down(g_cnt_width=2)\]
Compiling architecture behavioral of entity xil_defaultlib.hex_7seg [hex_7seg_default]
Compiling architecture behavioral of entity xil_defaultlib.driver_7seg_4digits [driver_7seg_4digits_default]
Compiling architecture testbench of entity xil_defaultlib.tb_driver_7seg_4digits
Built simulation snapshot tb_driver_7seg_4digits_behav

****** Webtalk v2020.1 (64-bit)
  **** SW Build 2902540 on Wed May 27 19:54:49 MDT 2020
  **** IP Build 2902112 on Wed May 27 22:43:36 MDT 2020
    ** Copyright 1986-2020 Xilinx, Inc. All Rights Reserved.

source D:/Documents/xvanek41/de1/labs/07-display-driver/display_driver/display_driver.sim/sim_1/behav/xsim/xsim.dir/tb_driver_7seg_4digits_behav/webtalk/xsim_webtalk.tcl -notrace
INFO: [Common 17-186] 'D:/Documents/xvanek41/de1/labs/07-display-driver/display_driver/display_driver.sim/sim_1/behav/xsim/xsim.dir/tb_driver_7seg_4digits_behav/webtalk/usage_statistics_ext_xsim.xml' has been successfully sent to Xilinx on Wed Mar 30 13:49:20 2022. For additional details about this file, please refer to the WebTalk help file at C:/APPZ/Xilinx/Vivado/2020.1/doc/webtalk_introduction.html.
INFO: [Common 17-206] Exiting Webtalk at Wed Mar 30 13:49:20 2022...
run_program: Time (s): cpu = 00:00:01 ; elapsed = 00:00:07 . Memory (MB): peak = 1023.930 ; gain = 0.000
INFO: [USF-XSim-69] 'elaborate' step finished in '7' seconds
INFO: [USF-XSim-4] XSim::Simulate design
INFO: [USF-XSim-61] Executing 'SIMULATE' step in 'D:/Documents/xvanek41/de1/labs/07-display-driver/display_driver/display_driver.sim/sim_1/behav/xsim'
INFO: [USF-XSim-98] *** Running xsim
   with args "tb_driver_7seg_4digits_behav -key {Behavioral:sim_1:Functional:tb_driver_7seg_4digits} -tclbatch {tb_driver_7seg_4digits.tcl} -log {simulate.log}"
INFO: [USF-XSim-8] Loading simulator feature
Vivado Simulator 2020.1
Time resolution is 1 ps
source tb_driver_7seg_4digits.tcl
# set curr_wave [current_wave_config]
# if { [string length $curr_wave] == 0 } {
#   if { [llength [get_objects]] > 0} {
#     add_wave /
#     set_property needs_save false [current_wave_config]
#   } else {
#      send_msg_id Add_Wave-1 WARNING "No top level signals found. Simulator will start without a wave window. If you want to open a wave window go to 'File->New Waveform Configuration' or type 'create_wave_config' in the TCL console."
#   }
# }
# run 1000ns
Note: Stimulus process finished
Time: 0 ps  Iteration: 0  Process: /tb_driver_7seg_4digits/p_stimulus  File: D:/Documents/xvanek41/de1/labs/07-display-driver/display_driver/display_driver.srcs/sim_1/new/tb_driver_7seg_4digits.vhd
INFO: [USF-XSim-96] XSim completed. Design snapshot 'tb_driver_7seg_4digits_behav' loaded.
INFO: [USF-XSim-97] XSim simulation ran for 1000ns
launch_simulation: Time (s): cpu = 00:00:05 ; elapsed = 00:00:11 . Memory (MB): peak = 1023.930 ; gain = 0.000
close_sim
INFO: [Simtcl 6-16] Simulation closed
close_sim: Time (s): cpu = 00:00:02 ; elapsed = 00:00:06 . Memory (MB): peak = 1023.930 ; gain = 0.000
launch_simulation
Command: launch_simulation 
INFO: [Vivado 12-5682] Launching behavioral simulation in 'D:/Documents/xvanek41/de1/labs/07-display-driver/display_driver/display_driver.sim/sim_1/behav/xsim'
INFO: [SIM-utils-51] Simulation object is 'sim_1'
INFO: [SIM-utils-54] Inspecting design source files for 'tb_driver_7seg_4digits' in fileset 'sim_1'...
INFO: [USF-XSim-97] Finding global include files...
INFO: [USF-XSim-98] Fetching design files from 'sim_1'...
INFO: [USF-XSim-2] XSim::Compile design
INFO: [USF-XSim-61] Executing 'COMPILE and ANALYZE' step in 'D:/Documents/xvanek41/de1/labs/07-display-driver/display_driver/display_driver.sim/sim_1/behav/xsim'
"xvhdl --incr --relax -prj tb_driver_7seg_4digits_vhdl.prj"
INFO: [VRFC 10-163] Analyzing VHDL file "D:/Documents/xvanek41/de1/labs/07-display-driver/display_driver/display_driver.srcs/sources_1/new/driver_7seg_4digits.vhd" into library xil_defaultlib
INFO: [VRFC 10-3107] analyzing entity 'driver_7seg_4digits'
INFO: [VRFC 10-163] Analyzing VHDL file "D:/Documents/xvanek41/de1/labs/07-display-driver/display_driver/display_driver.srcs/sim_1/new/tb_driver_7seg_4digits.vhd" into library xil_defaultlib
INFO: [VRFC 10-3107] analyzing entity 'tb_driver_7seg_4digits'
INFO: [USF-XSim-69] 'compile' step finished in '1' seconds
INFO: [USF-XSim-3] XSim::Elaborate design
INFO: [USF-XSim-61] Executing 'ELABORATE' step in 'D:/Documents/xvanek41/de1/labs/07-display-driver/display_driver/display_driver.sim/sim_1/behav/xsim'
"xelab -wto 0ce296b80fed45918a48f73599d90bd6 --incr --debug typical --relax --mt 2 -L xil_defaultlib -L secureip --snapshot tb_driver_7seg_4digits_behav xil_defaultlib.tb_driver_7seg_4digits -log elaborate.log"
Vivado Simulator 2020.1
Copyright 1986-1999, 2001-2020 Xilinx, Inc. All Rights Reserved.
Running: C:/APPZ/Xilinx/Vivado/2020.1/bin/unwrapped/win64.o/xelab.exe -wto 0ce296b80fed45918a48f73599d90bd6 --incr --debug typical --relax --mt 2 -L xil_defaultlib -L secureip --snapshot tb_driver_7seg_4digits_behav xil_defaultlib.tb_driver_7seg_4digits -log elaborate.log 
Using 2 slave threads.
Starting static elaboration
Completed static elaboration
Starting simulation data flow analysis
Completed simulation data flow analysis
Time Resolution for simulation is 1ps
Compiling package std.standard
Compiling package std.textio
Compiling package ieee.std_logic_1164
Compiling package ieee.numeric_std
Compiling architecture behavioral of entity xil_defaultlib.clock_enable [\clock_enable(g_max=4)\]
Compiling architecture behavioral of entity xil_defaultlib.cnt_up_down [\cnt_up_down(g_cnt_width=2)\]
Compiling architecture behavioral of entity xil_defaultlib.hex_7seg [hex_7seg_default]
Compiling architecture behavioral of entity xil_defaultlib.driver_7seg_4digits [driver_7seg_4digits_default]
Compiling architecture testbench of entity xil_defaultlib.tb_driver_7seg_4digits
Built simulation snapshot tb_driver_7seg_4digits_behav
INFO: [USF-XSim-69] 'elaborate' step finished in '2' seconds
INFO: [USF-XSim-4] XSim::Simulate design
INFO: [USF-XSim-61] Executing 'SIMULATE' step in 'D:/Documents/xvanek41/de1/labs/07-display-driver/display_driver/display_driver.sim/sim_1/behav/xsim'
INFO: [USF-XSim-98] *** Running xsim
   with args "tb_driver_7seg_4digits_behav -key {Behavioral:sim_1:Functional:tb_driver_7seg_4digits} -tclbatch {tb_driver_7seg_4digits.tcl} -log {simulate.log}"
INFO: [USF-XSim-8] Loading simulator feature
Vivado Simulator 2020.1
Time resolution is 1 ps
source tb_driver_7seg_4digits.tcl
# set curr_wave [current_wave_config]
# if { [string length $curr_wave] == 0 } {
#   if { [llength [get_objects]] > 0} {
#     add_wave /
#     set_property needs_save false [current_wave_config]
#   } else {
#      send_msg_id Add_Wave-1 WARNING "No top level signals found. Simulator will start without a wave window. If you want to open a wave window go to 'File->New Waveform Configuration' or type 'create_wave_config' in the TCL console."
#   }
# }
# run 1000ns
Note: Stimulus process finished
Time: 0 ps  Iteration: 0  Process: /tb_driver_7seg_4digits/p_stimulus  File: D:/Documents/xvanek41/de1/labs/07-display-driver/display_driver/display_driver.srcs/sim_1/new/tb_driver_7seg_4digits.vhd
INFO: [USF-XSim-96] XSim completed. Design snapshot 'tb_driver_7seg_4digits_behav' loaded.
INFO: [USF-XSim-97] XSim simulation ran for 1000ns
launch_simulation: Time (s): cpu = 00:00:03 ; elapsed = 00:00:06 . Memory (MB): peak = 1023.930 ; gain = 0.000
close [ open D:/Documents/xvanek41/de1/labs/07-display-driver/display_driver/display_driver.srcs/sources_1/new/top.vhd w ]
add_files D:/Documents/xvanek41/de1/labs/07-display-driver/display_driver/display_driver.srcs/sources_1/new/top.vhd
update_compile_order -fileset sources_1
launch_runs impl_1 -jobs 4
[Wed Mar 30 14:08:06 2022] Launched synth_1...
Run output will be captured here: D:/Documents/xvanek41/de1/labs/07-display-driver/display_driver/display_driver.runs/synth_1/runme.log
[Wed Mar 30 14:08:06 2022] Launched impl_1...
Run output will be captured here: D:/Documents/xvanek41/de1/labs/07-display-driver/display_driver/display_driver.runs/impl_1/runme.log
open_run impl_1
INFO: [Device 21-403] Loading part xc7a50ticsg324-1L
Netlist sorting complete. Time (s): cpu = 00:00:00 ; elapsed = 00:00:00.001 . Memory (MB): peak = 1208.055 ; gain = 0.000
INFO: [Netlist 29-17] Analyzing 8 Unisim elements for replacement
INFO: [Netlist 29-28] Unisim Transformation completed in 0 CPU seconds
INFO: [Project 1-479] Netlist was created with Vivado 2020.1
INFO: [Project 1-570] Preparing netlist for logic optimization
Reading XDEF placement.
Reading placer database...
Reading XDEF routing.
Read XDEF File: Time (s): cpu = 00:00:00 ; elapsed = 00:00:00.035 . Memory (MB): peak = 1315.348 ; gain = 0.340
Restored from archive | CPU: 0.000000 secs | Memory: 0.000000 MB |
Finished XDEF File Restore: Time (s): cpu = 00:00:00 ; elapsed = 00:00:00.035 . Memory (MB): peak = 1315.348 ; gain = 0.340
Netlist sorting complete. Time (s): cpu = 00:00:00 ; elapsed = 00:00:00.001 . Memory (MB): peak = 1315.348 ; gain = 0.000
INFO: [Project 1-111] Unisim Transformation Summary:
No Unisim elements were transformed.

open_run: Time (s): cpu = 00:00:12 ; elapsed = 00:00:09 . Memory (MB): peak = 1440.426 ; gain = 416.496
WARNING: [Timing 38-313] There are no user specified timing constraints. Timing constraints are needed for proper timing analysis.
synth_design -rtl -name rtl_1
Command: synth_design -rtl -name rtl_1
Starting synth_design
Using part: xc7a50ticsg324-1L
Top: top
---------------------------------------------------------------------------------
Starting RTL Elaboration : Time (s): cpu = 00:00:04 ; elapsed = 00:00:04 . Memory (MB): peak = 2193.563 ; gain = 243.324
---------------------------------------------------------------------------------
INFO: [Synth 8-638] synthesizing module 'top' [D:/Documents/xvanek41/de1/labs/07-display-driver/display_driver/display_driver.srcs/sources_1/new/top.vhd:51]
INFO: [Synth 8-638] synthesizing module 'driver_7seg_4digits' [D:/Documents/xvanek41/de1/labs/07-display-driver/display_driver/display_driver.srcs/sources_1/new/driver_7seg_4digits.vhd:59]
INFO: [Synth 8-638] synthesizing module 'clock_enable' [D:/Documents/xvanek41/de1/labs/07-display-driver/display_driver/display_driver.srcs/sources_1/new/clock_enable.vhd:36]
	Parameter g_MAX bound to: 4 - type: integer 
INFO: [Synth 8-256] done synthesizing module 'clock_enable' (1#1) [D:/Documents/xvanek41/de1/labs/07-display-driver/display_driver/display_driver.srcs/sources_1/new/clock_enable.vhd:36]
INFO: [Synth 8-638] synthesizing module 'cnt_up_down' [D:/Documents/xvanek41/de1/labs/07-display-driver/display_driver/display_driver.srcs/sources_1/new/cnt_up_down.vhd:35]
	Parameter g_CNT_WIDTH bound to: 2 - type: integer 
INFO: [Synth 8-256] done synthesizing module 'cnt_up_down' (2#1) [D:/Documents/xvanek41/de1/labs/07-display-driver/display_driver/display_driver.srcs/sources_1/new/cnt_up_down.vhd:35]
INFO: [Synth 8-638] synthesizing module 'hex_7seg' [D:/Documents/xvanek41/de1/labs/07-display-driver/display_driver/display_driver.srcs/sources_1/new/hex_7seg.vhd:39]
INFO: [Synth 8-256] done synthesizing module 'hex_7seg' (3#1) [D:/Documents/xvanek41/de1/labs/07-display-driver/display_driver/display_driver.srcs/sources_1/new/hex_7seg.vhd:39]
INFO: [Synth 8-256] done synthesizing module 'driver_7seg_4digits' (4#1) [D:/Documents/xvanek41/de1/labs/07-display-driver/display_driver/display_driver.srcs/sources_1/new/driver_7seg_4digits.vhd:59]
INFO: [Synth 8-256] done synthesizing module 'top' (5#1) [D:/Documents/xvanek41/de1/labs/07-display-driver/display_driver/display_driver.srcs/sources_1/new/top.vhd:51]
---------------------------------------------------------------------------------
Finished RTL Elaboration : Time (s): cpu = 00:00:05 ; elapsed = 00:00:04 . Memory (MB): peak = 2240.938 ; gain = 290.699
---------------------------------------------------------------------------------
---------------------------------------------------------------------------------
Start Handling Custom Attributes
---------------------------------------------------------------------------------
---------------------------------------------------------------------------------
Finished Handling Custom Attributes : Time (s): cpu = 00:00:05 ; elapsed = 00:00:05 . Memory (MB): peak = 2261.840 ; gain = 311.602
---------------------------------------------------------------------------------
---------------------------------------------------------------------------------
Finished RTL Optimization Phase 1 : Time (s): cpu = 00:00:05 ; elapsed = 00:00:05 . Memory (MB): peak = 2261.840 ; gain = 311.602
---------------------------------------------------------------------------------
Netlist sorting complete. Time (s): cpu = 00:00:00 ; elapsed = 00:00:00.001 . Memory (MB): peak = 2261.840 ; gain = 0.000
INFO: [Project 1-570] Preparing netlist for logic optimization
INFO: [Opt 31-141] Inserted 4 OBUFs to IO ports without IO buffers.

Processing XDC Constraints
Initializing timing engine
Parsing XDC File [D:/Documents/xvanek41/de1/labs/07-display-driver/display_driver/display_driver.srcs/constrs_1/new/nexys-a7-50t.xdc]
Finished Parsing XDC File [D:/Documents/xvanek41/de1/labs/07-display-driver/display_driver/display_driver.srcs/constrs_1/new/nexys-a7-50t.xdc]
Completed Processing XDC Constraints

INFO: [Opt 31-138] Pushed 0 inverter(s) to 0 load pin(s).
Netlist sorting complete. Time (s): cpu = 00:00:00 ; elapsed = 00:00:00 . Memory (MB): peak = 2360.887 ; gain = 0.000
INFO: [Project 1-111] Unisim Transformation Summary:
No Unisim elements were transformed.

RTL Elaboration Complete:  : Time (s): cpu = 00:00:08 ; elapsed = 00:00:07 . Memory (MB): peak = 2360.887 ; gain = 410.648
14 Infos, 0 Warnings, 0 Critical Warnings and 0 Errors encountered.
synth_design completed successfully
synth_design: Time (s): cpu = 00:00:08 ; elapsed = 00:00:07 . Memory (MB): peak = 2360.887 ; gain = 410.648
current_design impl_1
reset_run synth_1
launch_runs impl_1 -to_step write_bitstream -jobs 4
[Wed Mar 30 14:18:38 2022] Launched synth_1...
Run output will be captured here: D:/Documents/xvanek41/de1/labs/07-display-driver/display_driver/display_driver.runs/synth_1/runme.log
[Wed Mar 30 14:18:38 2022] Launched impl_1...
Run output will be captured here: D:/Documents/xvanek41/de1/labs/07-display-driver/display_driver/display_driver.runs/impl_1/runme.log
open_hw_manager
connect_hw_server -allow_non_jtag
INFO: [Labtools 27-2285] Connecting to hw_server url TCP:localhost:3121
INFO: [Labtools 27-2222] Launching hw_server...
INFO: [Labtools 27-2221] Launch Output:

****** Xilinx hw_server v2020.1
  **** Build date : May 27 2020 at 20:24:38
    ** Copyright 1986-2020 Xilinx, Inc. All Rights Reserved.


INFO: [Labtools 27-3415] Connecting to cs_server url TCP:localhost:3042
INFO: [Labtools 27-3417] Launching cs_server...
INFO: [Labtools 27-2221] Launch Output:


****** Xilinx cs_server v2020.1.0
  **** Build date : May 14 2020-03:10:29
    ** Copyright 2017-2020 Xilinx, Inc. All Rights Reserved.



connect_hw_server: Time (s): cpu = 00:00:00 ; elapsed = 00:00:07 . Memory (MB): peak = 2360.887 ; gain = 0.000
open_hw_target
INFO: [Labtoolstcl 44-466] Opening hw_target localhost:3121/xilinx_tcf/Digilent/210292AD2E21A
current_hw_device [get_hw_devices xc7a50t_0]
refresh_hw_device -update_hw_probes false [lindex [get_hw_devices xc7a50t_0] 0]
INFO: [Labtools 27-1434] Device xc7a50t (JTAG device index = 0) is programmed with a design that has no supported debug core(s) in it.
set_property PROBES.FILE {} [get_hw_devices xc7a50t_0]
set_property FULL_PROBES.FILE {} [get_hw_devices xc7a50t_0]
set_property PROGRAM.FILE {D:/Documents/xvanek41/de1/labs/07-display-driver/display_driver/display_driver.runs/impl_1/top.bit} [get_hw_devices xc7a50t_0]
program_hw_devices [get_hw_devices xc7a50t_0]
INFO: [Labtools 27-3164] End of startup status: HIGH
refresh_hw_device [lindex [get_hw_devices xc7a50t_0] 0]
INFO: [Labtools 27-1434] Device xc7a50t (JTAG device index = 0) is programmed with a design that has no supported debug core(s) in it.
set_property PROBES.FILE {} [get_hw_devices xc7a50t_0]
set_property FULL_PROBES.FILE {} [get_hw_devices xc7a50t_0]
set_property PROGRAM.FILE {D:/Documents/xvanek41/de1/labs/07-display-driver/display_driver/display_driver.runs/impl_1/top.bit} [get_hw_devices xc7a50t_0]
program_hw_devices [get_hw_devices xc7a50t_0]
INFO: [Labtools 27-3164] End of startup status: HIGH
refresh_hw_device [lindex [get_hw_devices xc7a50t_0] 0]
INFO: [Labtools 27-1434] Device xc7a50t (JTAG device index = 0) is programmed with a design that has no supported debug core(s) in it.
set_property PROBES.FILE {} [get_hw_devices xc7a50t_0]
set_property FULL_PROBES.FILE {} [get_hw_devices xc7a50t_0]
set_property PROGRAM.FILE {D:/Documents/xvanek41/de1/labs/07-display-driver/display_driver/display_driver.runs/impl_1/top.bit} [get_hw_devices xc7a50t_0]
program_hw_devices [get_hw_devices xc7a50t_0]
INFO: [Labtools 27-3164] End of startup status: HIGH
refresh_hw_device [lindex [get_hw_devices xc7a50t_0] 0]
INFO: [Labtools 27-1434] Device xc7a50t (JTAG device index = 0) is programmed with a design that has no supported debug core(s) in it.
close_hw_manager
reset_run synth_1
launch_runs impl_1 -to_step write_bitstream -jobs 4
[Wed Mar 30 14:24:22 2022] Launched synth_1...
Run output will be captured here: D:/Documents/xvanek41/de1/labs/07-display-driver/display_driver/display_driver.runs/synth_1/runme.log
[Wed Mar 30 14:24:22 2022] Launched impl_1...
Run output will be captured here: D:/Documents/xvanek41/de1/labs/07-display-driver/display_driver/display_driver.runs/impl_1/runme.log
open_hw_manager
connect_hw_server -allow_non_jtag
INFO: [Labtools 27-2285] Connecting to hw_server url TCP:localhost:3121
INFO: [Labtools 27-2222] Launching hw_server...
INFO: [Labtools 27-2221] Launch Output:

****** Xilinx hw_server v2020.1
  **** Build date : May 27 2020 at 20:24:38
    ** Copyright 1986-2020 Xilinx, Inc. All Rights Reserved.


INFO: [Labtools 27-3415] Connecting to cs_server url TCP:localhost:3042
INFO: [Labtools 27-3417] Launching cs_server...
INFO: [Labtools 27-2221] Launch Output:


****** Xilinx cs_server v2020.1.0
  **** Build date : May 14 2020-03:10:29
    ** Copyright 2017-2020 Xilinx, Inc. All Rights Reserved.



connect_hw_server: Time (s): cpu = 00:00:00 ; elapsed = 00:00:07 . Memory (MB): peak = 3777.875 ; gain = 0.000
open_hw_target
INFO: [Labtoolstcl 44-466] Opening hw_target localhost:3121/xilinx_tcf/Digilent/210292AD2E21A
set_property PROGRAM.FILE {D:/Documents/xvanek41/de1/labs/07-display-driver/display_driver/display_driver.runs/impl_1/top.bit} [get_hw_devices xc7a50t_0]
current_hw_device [get_hw_devices xc7a50t_0]
refresh_hw_device -update_hw_probes false [lindex [get_hw_devices xc7a50t_0] 0]
INFO: [Labtools 27-1434] Device xc7a50t (JTAG device index = 0) is programmed with a design that has no supported debug core(s) in it.
set_property PROBES.FILE {} [get_hw_devices xc7a50t_0]
set_property FULL_PROBES.FILE {} [get_hw_devices xc7a50t_0]
set_property PROGRAM.FILE {D:/Documents/xvanek41/de1/labs/07-display-driver/display_driver/display_driver.runs/impl_1/top.bit} [get_hw_devices xc7a50t_0]
program_hw_devices [get_hw_devices xc7a50t_0]
INFO: [Labtools 27-3164] End of startup status: HIGH
refresh_hw_device [lindex [get_hw_devices xc7a50t_0] 0]
INFO: [Labtools 27-1434] Device xc7a50t (JTAG device index = 0) is programmed with a design that has no supported debug core(s) in it.
refresh_hw_device [lindex [get_hw_devices xc7a50t_0] 0]
INFO: [Labtools 27-1434] Device xc7a50t (JTAG device index = 0) is programmed with a design that has no supported debug core(s) in it.
refresh_hw_device [lindex [get_hw_devices xc7a50t_0] 0]
INFO: [Labtools 27-1434] Device xc7a50t (JTAG device index = 0) is programmed with a design that has no supported debug core(s) in it.
set_property PROBES.FILE {} [get_hw_devices xc7a50t_0]
set_property FULL_PROBES.FILE {} [get_hw_devices xc7a50t_0]
set_property PROGRAM.FILE {D:/Documents/xvanek41/de1/labs/07-display-driver/display_driver/display_driver.runs/impl_1/top.bit} [get_hw_devices xc7a50t_0]
program_hw_devices [get_hw_devices xc7a50t_0]
INFO: [Labtools 27-3164] End of startup status: HIGH
refresh_hw_device [lindex [get_hw_devices xc7a50t_0] 0]
INFO: [Labtools 27-1434] Device xc7a50t (JTAG device index = 0) is programmed with a design that has no supported debug core(s) in it.
reset_run synth_1
launch_runs impl_1 -to_step write_bitstream -jobs 4
[Wed Mar 30 14:36:11 2022] Launched synth_1...
Run output will be captured here: D:/Documents/xvanek41/de1/labs/07-display-driver/display_driver/display_driver.runs/synth_1/runme.log
[Wed Mar 30 14:36:11 2022] Launched impl_1...
Run output will be captured here: D:/Documents/xvanek41/de1/labs/07-display-driver/display_driver/display_driver.runs/impl_1/runme.log
set_property PROBES.FILE {} [get_hw_devices xc7a50t_0]
set_property FULL_PROBES.FILE {} [get_hw_devices xc7a50t_0]
set_property PROGRAM.FILE {D:/Documents/xvanek41/de1/labs/07-display-driver/display_driver/display_driver.runs/impl_1/top.bit} [get_hw_devices xc7a50t_0]
program_hw_devices [get_hw_devices xc7a50t_0]
INFO: [Labtools 27-3164] End of startup status: HIGH
refresh_hw_device [lindex [get_hw_devices xc7a50t_0] 0]
INFO: [Labtools 27-1434] Device xc7a50t (JTAG device index = 0) is programmed with a design that has no supported debug core(s) in it.
set_property PROBES.FILE {} [get_hw_devices xc7a50t_0]
set_property FULL_PROBES.FILE {} [get_hw_devices xc7a50t_0]
set_property PROGRAM.FILE {D:/Documents/xvanek41/de1/labs/07-display-driver/display_driver/display_driver.runs/impl_1/top.bit} [get_hw_devices xc7a50t_0]
program_hw_devices [get_hw_devices xc7a50t_0]
INFO: [Labtools 27-3164] End of startup status: HIGH
refresh_hw_device [lindex [get_hw_devices xc7a50t_0] 0]
INFO: [Labtools 27-1434] Device xc7a50t (JTAG device index = 0) is programmed with a design that has no supported debug core(s) in it.
refresh_hw_device [lindex [get_hw_devices xc7a50t_0] 0]
INFO: [Labtools 27-1434] Device xc7a50t (JTAG device index = 0) is programmed with a design that has no supported debug core(s) in it.
set_property PROBES.FILE {} [get_hw_devices xc7a50t_0]
set_property FULL_PROBES.FILE {} [get_hw_devices xc7a50t_0]
set_property PROGRAM.FILE {D:/Documents/xvanek41/de1/labs/07-display-driver/display_driver/display_driver.runs/impl_1/top.bit} [get_hw_devices xc7a50t_0]
program_hw_devices [get_hw_devices xc7a50t_0]
INFO: [Labtools 27-3164] End of startup status: HIGH
refresh_hw_device [lindex [get_hw_devices xc7a50t_0] 0]
INFO: [Labtools 27-1434] Device xc7a50t (JTAG device index = 0) is programmed with a design that has no supported debug core(s) in it.
reset_run synth_1
launch_runs impl_1 -to_step write_bitstream -jobs 4
[Wed Mar 30 14:41:47 2022] Launched synth_1...
Run output will be captured here: D:/Documents/xvanek41/de1/labs/07-display-driver/display_driver/display_driver.runs/synth_1/runme.log
[Wed Mar 30 14:41:47 2022] Launched impl_1...
Run output will be captured here: D:/Documents/xvanek41/de1/labs/07-display-driver/display_driver/display_driver.runs/impl_1/runme.log
reset_run impl_1
refresh_hw_device [lindex [get_hw_devices xc7a50t_0] 0]
INFO: [Labtools 27-1434] Device xc7a50t (JTAG device index = 0) is programmed with a design that has no supported debug core(s) in it.
reset_run synth_1
launch_runs impl_1 -to_step write_bitstream -jobs 4
[Wed Mar 30 14:44:08 2022] Launched synth_1...
Run output will be captured here: D:/Documents/xvanek41/de1/labs/07-display-driver/display_driver/display_driver.runs/synth_1/runme.log
[Wed Mar 30 14:44:08 2022] Launched impl_1...
Run output will be captured here: D:/Documents/xvanek41/de1/labs/07-display-driver/display_driver/display_driver.runs/impl_1/runme.log
set_property PROBES.FILE {} [get_hw_devices xc7a50t_0]
set_property FULL_PROBES.FILE {} [get_hw_devices xc7a50t_0]
set_property PROGRAM.FILE {D:/Documents/xvanek41/de1/labs/07-display-driver/display_driver/display_driver.runs/impl_1/top.bit} [get_hw_devices xc7a50t_0]
program_hw_devices [get_hw_devices xc7a50t_0]
INFO: [Labtools 27-3164] End of startup status: HIGH
refresh_hw_device [lindex [get_hw_devices xc7a50t_0] 0]
INFO: [Labtools 27-1434] Device xc7a50t (JTAG device index = 0) is programmed with a design that has no supported debug core(s) in it.
ERROR: [Labtoolstcl 44-513] HW Target shutdown. Closing target: localhost:3121/xilinx_tcf/Digilent/210292AD2E21A
close_sim
INFO: [Simtcl 6-16] Simulation closed
exit
INFO: [Common 17-206] Exiting Vivado at Wed Mar 30 14:46:26 2022...
